{"contracts\\Raffle.sol":{"l":{"63":3,"64":3,"65":3,"66":3,"67":3,"68":3,"69":3,"70":3,"74":3,"75":1,"77":2,"78":0,"80":2,"81":2,"101":0,"102":0,"103":0,"104":0,"105":0,"112":0,"113":0,"114":0,"120":0,"121":0,"128":0,"141":0,"142":0,"143":0,"144":0,"145":0,"146":0,"147":0,"148":0,"149":0,"151":0,"155":4,"159":1,"163":0,"167":1,"171":0,"177":0,"181":0,"185":0,"189":4},"path":"D:\\FCSOL\\CH8\\FreeCodeSolidity\\Hardhat_Smart_Lottery\\contracts\\Raffle.sol","s":{"1":3,"2":2,"3":2,"4":2,"5":0,"6":0,"7":0,"8":0,"9":0,"10":0,"11":0,"12":0,"13":0,"14":0,"15":0,"16":0,"17":0,"18":4,"19":1,"20":0,"21":1,"22":0,"23":0,"24":0,"25":0,"26":4},"b":{"1":[1,2],"2":[0,2],"3":[0,0],"4":[0,0]},"f":{"1":3,"2":3,"3":0,"4":0,"5":0,"6":4,"7":1,"8":0,"9":1,"10":0,"11":0,"12":0,"13":0,"14":4},"fnMap":{"1":{"name":"constructor","line":62,"loc":{"start":{"line":55,"column":4},"end":{"line":71,"column":4}}},"2":{"name":"enterRaffle","line":73,"loc":{"start":{"line":73,"column":4},"end":{"line":82,"column":4}}},"3":{"name":"checkUpkeep","line":93,"loc":{"start":{"line":93,"column":4},"end":{"line":106,"column":4}}},"4":{"name":"performUpkeep","line":108,"loc":{"start":{"line":108,"column":4},"end":{"line":129,"column":4}}},"5":{"name":"fulfillRandomWords","line":132,"loc":{"start":{"line":132,"column":4},"end":{"line":152,"column":4}}},"6":{"name":"getEntranceFee","line":154,"loc":{"start":{"line":154,"column":4},"end":{"line":156,"column":4}}},"7":{"name":"getplayer","line":158,"loc":{"start":{"line":158,"column":4},"end":{"line":160,"column":4}}},"8":{"name":"getRecentWinner","line":162,"loc":{"start":{"line":162,"column":4},"end":{"line":164,"column":4}}},"9":{"name":"getRaffleState","line":166,"loc":{"start":{"line":166,"column":4},"end":{"line":168,"column":4}}},"10":{"name":"getNumWords","line":170,"loc":{"start":{"line":170,"column":4},"end":{"line":174,"column":4}}},"11":{"name":"getNumberOfPlayers","line":176,"loc":{"start":{"line":176,"column":4},"end":{"line":178,"column":4}}},"12":{"name":"getLatestTimeStamp","line":180,"loc":{"start":{"line":180,"column":4},"end":{"line":182,"column":4}}},"13":{"name":"getRequestConfirmations","line":184,"loc":{"start":{"line":184,"column":4},"end":{"line":186,"column":4}}},"14":{"name":"getInterval","line":188,"loc":{"start":{"line":188,"column":4},"end":{"line":190,"column":4}}}},"statementMap":{"1":{"start":{"line":74,"column":8},"end":{"line":74,"column":2567}},"2":{"start":{"line":77,"column":8},"end":{"line":77,"column":2670}},"3":{"start":{"line":80,"column":8},"end":{"line":80,"column":42}},"4":{"start":{"line":81,"column":8},"end":{"line":81,"column":36}},"5":{"start":{"line":101,"column":8},"end":{"line":101,"column":57}},"6":{"start":{"line":102,"column":8},"end":{"line":102,"column":76}},"7":{"start":{"line":103,"column":8},"end":{"line":103,"column":48}},"8":{"start":{"line":104,"column":8},"end":{"line":104,"column":51}},"9":{"start":{"line":112,"column":8},"end":{"line":112,"column":47}},"10":{"start":{"line":113,"column":8},"end":{"line":113,"column":4058}},"11":{"start":{"line":121,"column":8},"end":{"line":121,"column":4325}},"12":{"start":{"line":128,"column":8},"end":{"line":128,"column":45}},"13":{"start":{"line":141,"column":8},"end":{"line":141,"column":65}},"14":{"start":{"line":142,"column":8},"end":{"line":142,"column":63}},"15":{"start":{"line":147,"column":8},"end":{"line":147,"column":78}},"16":{"start":{"line":148,"column":8},"end":{"line":148,"column":5371}},"17":{"start":{"line":151,"column":8},"end":{"line":151,"column":39}},"18":{"start":{"line":155,"column":8},"end":{"line":155,"column":28}},"19":{"start":{"line":159,"column":8},"end":{"line":159,"column":32}},"20":{"start":{"line":163,"column":8},"end":{"line":163,"column":29}},"21":{"start":{"line":167,"column":8},"end":{"line":167,"column":28}},"22":{"start":{"line":171,"column":8},"end":{"line":171,"column":24}},"23":{"start":{"line":177,"column":8},"end":{"line":177,"column":31}},"24":{"start":{"line":181,"column":8},"end":{"line":181,"column":30}},"25":{"start":{"line":185,"column":8},"end":{"line":185,"column":36}},"26":{"start":{"line":189,"column":8},"end":{"line":189,"column":25}}},"branchMap":{"1":{"line":74,"type":"if","locations":[{"start":{"line":74,"column":8},"end":{"line":74,"column":8}},{"start":{"line":74,"column":8},"end":{"line":74,"column":8}}]},"2":{"line":77,"type":"if","locations":[{"start":{"line":77,"column":8},"end":{"line":77,"column":8}},{"start":{"line":77,"column":8},"end":{"line":77,"column":8}}]},"3":{"line":113,"type":"if","locations":[{"start":{"line":113,"column":8},"end":{"line":113,"column":8}},{"start":{"line":113,"column":8},"end":{"line":113,"column":8}}]},"4":{"line":148,"type":"if","locations":[{"start":{"line":148,"column":8},"end":{"line":148,"column":8}},{"start":{"line":148,"column":8},"end":{"line":148,"column":8}}]}}},"contracts\\test\\VRFCoordinatorV2Mock.sol":{"l":{},"path":"D:\\FCSOL\\CH8\\FreeCodeSolidity\\Hardhat_Smart_Lottery\\contracts\\test\\VRFCoordinatorV2Mock.sol","s":{},"b":{},"f":{},"fnMap":{},"statementMap":{},"branchMap":{}}}