TN:
SF:D:\FCSOL\CH8\FreeCodeSolidity\Hardhat_Smart_Lottery\contracts\Raffle.sol
FN:62,constructor
FN:73,enterRaffle
FN:93,checkUpkeep
FN:108,performUpkeep
FN:132,fulfillRandomWords
FN:154,getEntranceFee
FN:158,getplayer
FN:162,getRecentWinner
FN:166,getRaffleState
FN:170,getNumWords
FN:176,getNumberOfPlayers
FN:180,getLatestTimeStamp
FN:184,getRequestConfirmations
FN:188,getInterval
FNF:14
FNH:6
FNDA:3,constructor
FNDA:3,enterRaffle
FNDA:0,checkUpkeep
FNDA:0,performUpkeep
FNDA:0,fulfillRandomWords
FNDA:4,getEntranceFee
FNDA:1,getplayer
FNDA:0,getRecentWinner
FNDA:1,getRaffleState
FNDA:0,getNumWords
FNDA:0,getNumberOfPlayers
FNDA:0,getLatestTimeStamp
FNDA:0,getRequestConfirmations
FNDA:4,getInterval
DA:63,3
DA:64,3
DA:65,3
DA:66,3
DA:67,3
DA:68,3
DA:69,3
DA:70,3
DA:74,3
DA:75,1
DA:77,2
DA:78,0
DA:80,2
DA:81,2
DA:101,0
DA:102,0
DA:103,0
DA:104,0
DA:105,0
DA:112,0
DA:113,0
DA:114,0
DA:120,0
DA:121,0
DA:128,0
DA:141,0
DA:142,0
DA:143,0
DA:144,0
DA:145,0
DA:146,0
DA:147,0
DA:148,0
DA:149,0
DA:151,0
DA:155,4
DA:159,1
DA:163,0
DA:167,1
DA:171,0
DA:177,0
DA:181,0
DA:185,0
DA:189,4
LF:44
LH:17
BRDA:74,1,0,1
BRDA:74,1,1,2
BRDA:77,2,0,0
BRDA:77,2,1,2
BRDA:113,3,0,0
BRDA:113,3,1,0
BRDA:148,4,0,0
BRDA:148,4,1,0
BRF:8
BRH:3
end_of_record
TN:
SF:D:\FCSOL\CH8\FreeCodeSolidity\Hardhat_Smart_Lottery\contracts\test\VRFCoordinatorV2Mock.sol
FNF:0
FNH:0
LF:0
LH:0
BRF:0
BRH:0
end_of_record
